Script './isorespin.sh' (version: 8.2.3) called with '-i origin/ubuntu-18.04-desktop-amd64.iso -u -r ppa:graphics-drivers/ppa -p "thermald tlp tlp-rdw powertop va-driver-all vainfo libva2 nvidia-driver-396 nvidia-prime bbswitch-dkms pciutils gstreamer1.0-libav gstreamer1.0-vaapi vlc " -f wrapper-network.sh -f wrapper-nvidia.sh -f wrapper-powertop.sh -f services/gpuoff.service -f services/powertop.service -c wrapper-network.sh -c wrapper-nvidia.sh -c wrapper-powertop.sh -g "quiet acpi_rev_override=1 acpi_osi=Linux scsi_mod.use_blk_mq=1 nouveau.modeset=0 nouveau.runpm=0"' ...
Work directory 'isorespin' used ...
ISO '/home/matteo/dell-xps-9570-ubuntu-respin/origin/ubuntu-18.04-desktop-amd64.iso' respun ...
Kernel boot parameters 'quiet acpi_rev_override=1 acpi_osi=Linux scsi_mod.use_blk_mq=1 nouveau.modeset=0 nouveau.runpm=0' added ...
Bootloader '32-bit GRUB' added ...
Kernel updated with mainline kernel version '4.18.0-041800rc2-generic' ...
Repository 'ppa:graphics-drivers/ppa' added ...
Package 'thermald tlp tlp-rdw powertop va-driver-all vainfo libva2 nvidia-driver-396 nvidia-prime bbswitch-dkms pciutils gstreamer1.0-libav gstreamer1.0-vaapi vlc ' added ...
File '/home/matteo/dell-xps-9570-ubuntu-respin/wrapper-network.sh' added ...
File '/home/matteo/dell-xps-9570-ubuntu-respin/wrapper-nvidia.sh' added ...
File '/home/matteo/dell-xps-9570-ubuntu-respin/wrapper-powertop.sh' added ...
File '/home/matteo/dell-xps-9570-ubuntu-respin/services/gpuoff.service' added ...
File '/home/matteo/dell-xps-9570-ubuntu-respin/services/powertop.service' added ...
Command run ...
# wrapper-network.sh
--2018-06-29 17:20:16--  https://github.com/kvalo/ath10k-firmware/blob/master/QCA6174/hw3.0/board.bin?raw=true
Resolving github.com (github.com)... 192.30.253.113, 192.30.253.112
Connecting to github.com (github.com)|192.30.253.113|:443... connected.
HTTP request sent, awaiting response... 302 Found
Location: https://github.com/kvalo/ath10k-firmware/raw/master/QCA6174/hw3.0/board.bin [following]
--2018-06-29 17:20:17--  https://github.com/kvalo/ath10k-firmware/raw/master/QCA6174/hw3.0/board.bin
Reusing existing connection to github.com:443.
HTTP request sent, awaiting response... 302 Found
Location: https://raw.githubusercontent.com/kvalo/ath10k-firmware/master/QCA6174/hw3.0/board.bin [following]
--2018-06-29 17:20:17--  https://raw.githubusercontent.com/kvalo/ath10k-firmware/master/QCA6174/hw3.0/board.bin
Resolving raw.githubusercontent.com (raw.githubusercontent.com)... 151.101.192.133, 151.101.128.133, 151.101.64.133, ...
Connecting to raw.githubusercontent.com (raw.githubusercontent.com)|151.101.192.133|:443... connected.
HTTP request sent, awaiting response... 200 OK
Length: 8124 (7.9K) [application/octet-stream]
Saving to: '/lib/firmware/ath10k/QCA6174/hw3.0/board.bin'

     0K .......                                               100% 1.68M=0.005s

2018-06-29 17:20:18 (1.68 MB/s) - '/lib/firmware/ath10k/QCA6174/hw3.0/board.bin' saved [8124/8124]

--2018-06-29 17:20:18--  https://github.com/kvalo/ath10k-firmware/blob/master/QCA6174/hw3.0/board-2.bin?raw=true
Resolving github.com (github.com)... 192.30.253.112, 192.30.253.113
Connecting to github.com (github.com)|192.30.253.112|:443... connected.
HTTP request sent, awaiting response... 302 Found
Location: https://github.com/kvalo/ath10k-firmware/raw/master/QCA6174/hw3.0/board-2.bin [following]
--2018-06-29 17:20:18--  https://github.com/kvalo/ath10k-firmware/raw/master/QCA6174/hw3.0/board-2.bin
Reusing existing connection to github.com:443.
HTTP request sent, awaiting response... 302 Found
Location: https://raw.githubusercontent.com/kvalo/ath10k-firmware/master/QCA6174/hw3.0/board-2.bin [following]
--2018-06-29 17:20:18--  https://raw.githubusercontent.com/kvalo/ath10k-firmware/master/QCA6174/hw3.0/board-2.bin
Resolving raw.githubusercontent.com (raw.githubusercontent.com)... 151.101.192.133, 151.101.128.133, 151.101.64.133, ...
Connecting to raw.githubusercontent.com (raw.githubusercontent.com)|151.101.192.133|:443... connected.
HTTP request sent, awaiting response... 200 OK
Length: 551128 (538K) [application/octet-stream]
Saving to: '/lib/firmware/ath10k/QCA6174/hw3.0/board-2.bin'

     0K .......... .......... .......... .......... ..........  9%  423K 1s
    50K .......... .......... .......... .......... .......... 18% 1.16M 1s
   100K .......... .......... .......... .......... .......... 27% 1.04M 1s
   150K .......... .......... .......... .......... .......... 37% 1015K 0s
   200K .......... .......... .......... .......... .......... 46% 1018K 0s
   250K .......... .......... .......... .......... .......... 55%  965K 0s
   300K .......... .......... .......... .......... .......... 65% 1.04M 0s
   350K .......... .......... .......... .......... .......... 74%  727K 0s
   400K .......... .......... .......... .......... .......... 83%  875K 0s
   450K .......... .......... .......... .......... .......... 92%  981K 0s
   500K .......... .......... .......... ........             100% 1.44M=0.6s

2018-06-29 17:20:19 (887 KB/s) - '/lib/firmware/ath10k/QCA6174/hw3.0/board-2.bin' saved [551128/551128]

--2018-06-29 17:20:19--  https://github.com/kvalo/ath10k-firmware/blob/master/QCA6174/hw3.0/firmware-4.bin_WLAN.RM.2.0-00180-QCARMSWPZ-1?raw=true
Resolving github.com (github.com)... 192.30.253.112, 192.30.253.113
Connecting to github.com (github.com)|192.30.253.112|:443... connected.
HTTP request sent, awaiting response... 302 Found
Location: https://github.com/kvalo/ath10k-firmware/raw/master/QCA6174/hw3.0/firmware-4.bin_WLAN.RM.2.0-00180-QCARMSWPZ-1 [following]
--2018-06-29 17:20:20--  https://github.com/kvalo/ath10k-firmware/raw/master/QCA6174/hw3.0/firmware-4.bin_WLAN.RM.2.0-00180-QCARMSWPZ-1
Reusing existing connection to github.com:443.
HTTP request sent, awaiting response... 302 Found
Location: https://raw.githubusercontent.com/kvalo/ath10k-firmware/master/QCA6174/hw3.0/firmware-4.bin_WLAN.RM.2.0-00180-QCARMSWPZ-1 [following]
--2018-06-29 17:20:20--  https://raw.githubusercontent.com/kvalo/ath10k-firmware/master/QCA6174/hw3.0/firmware-4.bin_WLAN.RM.2.0-00180-QCARMSWPZ-1
Resolving raw.githubusercontent.com (raw.githubusercontent.com)... 151.101.192.133, 151.101.128.133, 151.101.64.133, ...
Connecting to raw.githubusercontent.com (raw.githubusercontent.com)|151.101.192.133|:443... connected.
HTTP request sent, awaiting response... 200 OK
Length: 733784 (717K) [application/octet-stream]
Saving to: '/lib/firmware/ath10k/QCA6174/hw3.0/firmware-4.bin'

     0K .......... .......... .......... .......... ..........  6%  435K 2s
    50K .......... .......... .......... .......... .......... 13%  984K 1s
   100K .......... .......... .......... .......... .......... 20%  967K 1s
   150K .......... .......... .......... .......... .......... 27%  970K 1s
   200K .......... .......... .......... .......... .......... 34%  915K 1s
   250K .......... .......... .......... .......... .......... 41%  978K 1s
   300K .......... .......... .......... .......... .......... 48%  939K 0s
   350K .......... .......... .......... .......... .......... 55%  777K 0s
   400K .......... .......... .......... .......... .......... 62% 1003K 0s
   450K .......... .......... .......... .......... .......... 69% 1003K 0s
   500K .......... .......... .......... .......... .......... 76%  978K 0s
   550K .......... .......... .......... .......... .......... 83% 1011K 0s
   600K .......... .......... .......... .......... .......... 90%  997K 0s
   650K .......... .......... .......... .......... .......... 97%  893K 0s
   700K .......... ......                                     100% 1.05M=0.8s

2018-06-29 17:20:21 (880 KB/s) - '/lib/firmware/ath10k/QCA6174/hw3.0/firmware-4.bin' saved [733784/733784]

# wrapper-nvidia.sh
Info: selecting the intel profile
Created symlink /etc/systemd/system/default.target.wants/gpuoff.service -> /lib/systemd/system/gpuoff.service.
update-initramfs: Generating /boot/initrd.img-4.18.0-041800rc2-generic
cryptsetup: WARNING: could not determine root device from /etc/fstab
# wrapper-powertop.sh
Created symlink /etc/systemd/system/multi-user.target.wants/powertop.service -> /lib/systemd/system/powertop.service.
Respun ISO created as 'linuxium-v4.18-rc2-ubuntu-18.04-desktop-amd64.iso'.
